\BOOKMARK [1][-]{section.1}{Introduction}{}% 1
\BOOKMARK [2][-]{subsection.1.1}{Purpose}{section.1}% 2
\BOOKMARK [2][-]{subsection.1.2}{Scope}{section.1}% 3
\BOOKMARK [3][-]{subsubsection.1.2.1}{The world and the machine}{subsection.1.2}% 4
\BOOKMARK [2][-]{subsection.1.3}{Goals}{section.1}% 5
\BOOKMARK [3][-]{subsubsection.1.3.1}{Traceability Table}{subsection.1.3}% 6
\BOOKMARK [2][-]{subsection.1.4}{Definition and Acronyms}{section.1}% 7
\BOOKMARK [3][-]{subsubsection.1.4.1}{Definitions}{subsection.1.4}% 8
\BOOKMARK [3][-]{subsubsection.1.4.2}{Acronyms}{subsection.1.4}% 9
\BOOKMARK [2][-]{subsection.1.5}{Revision}{section.1}% 10
\BOOKMARK [2][-]{subsection.1.6}{Actors}{section.1}% 11
\BOOKMARK [2][-]{subsection.1.7}{References}{section.1}% 12
\BOOKMARK [2][-]{subsection.1.8}{Document Structure}{section.1}% 13
\BOOKMARK [1][-]{section.2}{Overall description}{}% 14
\BOOKMARK [2][-]{subsection.2.1}{Product perspective}{section.2}% 15
\BOOKMARK [2][-]{subsection.2.2}{Product functionalities}{section.2}% 16
\BOOKMARK [3][-]{subsubsection.2.2.1}{Traceability Table}{subsection.2.2}% 17
\BOOKMARK [2][-]{subsection.2.3}{User characteristics}{section.2}% 18
\BOOKMARK [2][-]{subsection.2.4}{Assumptions and dependencies}{section.2}% 19
\BOOKMARK [3][-]{subsubsection.2.4.1}{Domain Assumptions}{subsection.2.4}% 20
\BOOKMARK [3][-]{subsubsection.2.4.2}{General Assumptions}{subsection.2.4}% 21
\BOOKMARK [3][-]{subsubsection.2.4.3}{Constraints}{subsection.2.4}% 22
\BOOKMARK [3][-]{subsubsection.2.4.4}{Traceability Table}{subsection.2.4}% 23
\BOOKMARK [1][-]{section.3}{Specific requirements}{}% 24
\BOOKMARK [2][-]{subsection.3.1}{External Interface Requirements}{section.3}% 25
\BOOKMARK [3][-]{subsubsection.3.1.1}{User Interfaces}{subsection.3.1}% 26
\BOOKMARK [3][-]{subsubsection.3.1.2}{Software Interfaces}{subsection.3.1}% 27
\BOOKMARK [2][-]{subsection.3.2}{Non functional requirements}{section.3}% 28
\BOOKMARK [2][-]{subsection.3.3}{Scenarios}{section.3}% 29
\BOOKMARK [3][-]{subsubsection.3.3.1}{Scenario One}{subsection.3.3}% 30
\BOOKMARK [3][-]{subsubsection.3.3.2}{Scenario Two}{subsection.3.3}% 31
\BOOKMARK [2][-]{subsection.3.4}{Use Cases}{section.3}% 32
\BOOKMARK [3][-]{subsubsection.3.4.1}{User Page use cases}{subsection.3.4}% 33
\BOOKMARK [3][-]{subsubsection.3.4.2}{Sign up}{subsection.3.4}% 34
\BOOKMARK [3][-]{subsubsection.3.4.3}{Login}{subsection.3.4}% 35
\BOOKMARK [3][-]{subsubsection.3.4.4}{Password Recovery}{subsection.3.4}% 36
\BOOKMARK [3][-]{subsubsection.3.4.5}{Schedule Management use cases}{subsection.3.4}% 37
\BOOKMARK [3][-]{subsubsection.3.4.6}{Meeting Creation}{subsection.3.4}% 38
\BOOKMARK [3][-]{subsubsection.3.4.7}{Meeting Deletion}{subsection.3.4}% 39
\BOOKMARK [3][-]{subsubsection.3.4.8}{Reminder Addition}{subsection.3.4}% 40
\BOOKMARK [3][-]{subsubsection.3.4.9}{Warning Solving}{subsection.3.4}% 41
\BOOKMARK [3][-]{subsubsection.3.4.10}{User Preferences use cases}{subsection.3.4}% 42
\BOOKMARK [3][-]{subsubsection.3.4.11}{Means activation/deactivation}{subsection.3.4}% 43
\BOOKMARK [2][-]{subsection.3.5}{Activity Diagrams}{section.3}% 44
\BOOKMARK [3][-]{subsubsection.3.5.1}{Meeting creation process}{subsection.3.5}% 45
\BOOKMARK [2][-]{subsection.3.6}{State Charts}{section.3}% 46
\BOOKMARK [3][-]{subsubsection.3.6.1}{Meeting State Machine}{subsection.3.6}% 47
\BOOKMARK [3][-]{subsubsection.3.6.2}{Basic UX State Chart}{subsection.3.6}% 48
\BOOKMARK [2][-]{subsection.3.7}{Sequence Diagrams}{section.3}% 49
\BOOKMARK [3][-]{subsubsection.3.7.1}{Signup/Login Sequence Diagram}{subsection.3.7}% 50
\BOOKMARK [3][-]{subsubsection.3.7.2}{Meeting Creation Sequence Diagram}{subsection.3.7}% 51
\BOOKMARK [3][-]{subsubsection.3.7.3}{Warnings Solving Sequence Diagram}{subsection.3.7}% 52
\BOOKMARK [2][-]{subsection.3.8}{Class Diagram}{section.3}% 53
\BOOKMARK [1][-]{section.4}{Formal Analysis using Alloy}{}% 54
\BOOKMARK [2][-]{subsection.4.1}{Model}{section.4}% 55
\BOOKMARK [2][-]{subsection.4.2}{Results}{section.4}% 56
\BOOKMARK [2][-]{subsection.4.3}{Worlds Generated}{section.4}% 57
\BOOKMARK [3][-]{subsubsection.4.3.1}{World One}{subsection.4.3}% 58
\BOOKMARK [3][-]{subsubsection.4.3.2}{World Two}{subsection.4.3}% 59
\BOOKMARK [1][-]{section.5}{Appendix}{}% 60
\BOOKMARK [2][-]{subsection.5.1}{Used software}{section.5}% 61
\BOOKMARK [2][-]{subsection.5.2}{Effort spent}{section.5}% 62
